<?xml version="1.0" encoding="UTF-8"?>
<testsuite xmlns:xsi="http://www.w3.org/2001/XMLSchema-instance" xsi:noNamespaceSchemaLocation="https://maven.apache.org/surefire/maven-surefire-plugin/xsd/surefire-test-report.xsd" name="com.ubabankplc.AppTest" time="0.429" tests="1" errors="0" skipped="0" failures="0">
  <properties>
    <property name="java.specification.version" value="18"/>
    <property name="sun.cpu.isalist" value="amd64"/>
    <property name="sun.jnu.encoding" value="Cp1252"/>
    <property name="java.class.path" value="C:\Users\Godwill Ocheme\webappubabankplc\target\test-classes;C:\Users\Godwill Ocheme\webappubabankplc\target\classes;C:\Users\Godwill Ocheme\.m2\repository\junit\junit\4.11\junit-4.11.jar;C:\Users\Godwill Ocheme\.m2\repository\org\hamcrest\hamcrest-core\1.3\hamcrest-core-1.3.jar;C:\Users\Godwill Ocheme\.m2\repository\de\pentabyte\google-static-map-creator\2.3.0\google-static-map-creator-2.3.0.jar;C:\Users\Godwill Ocheme\.m2\repository\org\apache\httpcomponents\httpclient\4.5\httpclient-4.5.jar;C:\Users\Godwill Ocheme\.m2\repository\org\apache\httpcomponents\httpcore\4.4.1\httpcore-4.4.1.jar;C:\Users\Godwill Ocheme\.m2\repository\commons-logging\commons-logging\1.2\commons-logging-1.2.jar;C:\Users\Godwill Ocheme\.m2\repository\commons-codec\commons-codec\1.9\commons-codec-1.9.jar;C:\Users\Godwill Ocheme\.m2\repository\org\apache\commons\commons-lang3\3.7\commons-lang3-3.7.jar;"/>
    <property name="java.vm.vendor" value="Oracle Corporation"/>
    <property name="sun.arch.data.model" value="64"/>
    <property name="user.variant" value=""/>
    <property name="java.vendor.url" value="https://java.oracle.com/"/>
    <property name="user.timezone" value="America/Denver"/>
    <property name="os.name" value="Windows 10"/>
    <property name="java.vm.specification.version" value="18"/>
    <property name="sun.java.launcher" value="SUN_STANDARD"/>
    <property name="user.country" value="US"/>
    <property name="sun.boot.library.path" value="C:\Program Files\Java\jdk-18.0.1.1\bin"/>
    <property name="sun.java.command" value="C:\Users\GODWIL~1\AppData\Local\Temp\surefire705011141940933375\surefirebooter12652546982675576050.jar C:\Users\Godwill Ocheme\AppData\Local\Temp\surefire705011141940933375 2022-09-17T13-10-41_566-jvmRun1 surefire1226577634266078069tmp surefire_08065779487272981131tmp"/>
    <property name="jdk.debug" value="release"/>
    <property name="surefire.test.class.path" value="C:\Users\Godwill Ocheme\webappubabankplc\target\test-classes;C:\Users\Godwill Ocheme\webappubabankplc\target\classes;C:\Users\Godwill Ocheme\.m2\repository\junit\junit\4.11\junit-4.11.jar;C:\Users\Godwill Ocheme\.m2\repository\org\hamcrest\hamcrest-core\1.3\hamcrest-core-1.3.jar;C:\Users\Godwill Ocheme\.m2\repository\de\pentabyte\google-static-map-creator\2.3.0\google-static-map-creator-2.3.0.jar;C:\Users\Godwill Ocheme\.m2\repository\org\apache\httpcomponents\httpclient\4.5\httpclient-4.5.jar;C:\Users\Godwill Ocheme\.m2\repository\org\apache\httpcomponents\httpcore\4.4.1\httpcore-4.4.1.jar;C:\Users\Godwill Ocheme\.m2\repository\commons-logging\commons-logging\1.2\commons-logging-1.2.jar;C:\Users\Godwill Ocheme\.m2\repository\commons-codec\commons-codec\1.9\commons-codec-1.9.jar;C:\Users\Godwill Ocheme\.m2\repository\org\apache\commons\commons-lang3\3.7\commons-lang3-3.7.jar;"/>
    <property name="sun.cpu.endian" value="little"/>
    <property name="user.home" value="C:\Users\Godwill Ocheme"/>
    <property name="user.language" value="en"/>
    <property name="java.specification.vendor" value="Oracle Corporation"/>
    <property name="java.version.date" value="2022-04-22"/>
    <property name="java.home" value="C:\Program Files\Java\jdk-18.0.1.1"/>
    <property name="file.separator" value="\"/>
    <property name="basedir" value="C:\Users\Godwill Ocheme\webappubabankplc"/>
    <property name="java.vm.compressedOopsMode" value="32-bit"/>
    <property name="line.separator" value="&#10;"/>
    <property name="java.vm.specification.vendor" value="Oracle Corporation"/>
    <property name="java.specification.name" value="Java Platform API Specification"/>
    <property name="surefire.real.class.path" value="C:\Users\GODWIL~1\AppData\Local\Temp\surefire705011141940933375\surefirebooter12652546982675576050.jar"/>
    <property name="user.script" value=""/>
    <property name="sun.management.compiler" value="HotSpot 64-Bit Tiered Compilers"/>
    <property name="java.runtime.version" value="18.0.1.1+2-6"/>
    <property name="user.name" value="Godwill Ocheme"/>
    <property name="path.separator" value=";"/>
    <property name="os.version" value="10.0"/>
    <property name="java.runtime.name" value="Java(TM) SE Runtime Environment"/>
    <property name="file.encoding" value="UTF-8"/>
    <property name="java.vm.name" value="Java HotSpot(TM) 64-Bit Server VM"/>
    <property name="localRepository" value="C:\Users\Godwill Ocheme\.m2\repository"/>
    <property name="java.vendor.url.bug" value="https://bugreport.java.com/bugreport/"/>
    <property name="java.io.tmpdir" value="C:\Users\GODWIL~1\AppData\Local\Temp\"/>
    <property name="java.version" value="18.0.1.1"/>
    <property name="user.dir" value="C:\Users\Godwill Ocheme\webappubabankplc"/>
    <property name="os.arch" value="amd64"/>
    <property name="java.vm.specification.name" value="Java Virtual Machine Specification"/>
    <property name="sun.os.patch.level" value=""/>
    <property name="native.encoding" value="Cp1252"/>
    <property name="java.library.path" value="C:\Program Files\Java\jdk-18.0.1.1\bin;C:\Windows\Sun\Java\bin;C:\Windows\system32;C:\Windows;C:\Program Files\Common Files\Oracle\Java\javapath;C:\Program Files (x86)\VMware\VMware Workstation\bin\;C:\Windows\system32;C:\Windows;C:\Windows\System32\Wbem;C:\Windows\System32\WindowsPowerShell\v1.0\;C:\Windows\System32\OpenSSH\;C:\HashiCorp\Vagrant\bin;C:\Program Files\Git\cmd;C:\ProgramData\chocolatey\bin;C:\Program Files\Amazon\AWSCLIV2\;C:\Program Files\Java\jdk-18.0.1.1\bin;C:\Users\Godwill Ocheme\Downloads\apache-maven-3.8.6-bin\apache-maven-3.8.6\bin;C:\Godwill;C:\Users\Godwill Ocheme\AppData\Local\Programs\Python\Python37\Scripts\;C:\Users\Godwill Ocheme\AppData\Local\Programs\Python\Python37\;C:\Users\Godwill Ocheme\AppData\Local\Programs\Python\Python310\Scripts\;C:\Users\Godwill Ocheme\AppData\Local\Programs\Python\Python310\;C:\Users\Godwill Ocheme\AppData\Local\Microsoft\WindowsApps;C:\kube;C:\Users\Godwill Ocheme\AppData\Local\Programs\Microsoft VS Code\bin;C:\Users\Godwill Ocheme\AppData\Local\atom\bin;."/>
    <property name="java.vm.info" value="mixed mode, sharing"/>
    <property name="java.vendor" value="Oracle Corporation"/>
    <property name="java.vm.version" value="18.0.1.1+2-6"/>
    <property name="sun.io.unicode.encoding" value="UnicodeLittle"/>
    <property name="java.class.version" value="62.0"/>
  </properties>
  <testcase name="shouldAnswerWithTrue" classname="com.ubabankplc.AppTest" time="0.021"/>
</testsuite>